生成启动时间为 2020/2/17 15:31:20。
     1>项目“D:\公司项目\CRY-Dongle\CRY574ProAPI\源码工程\CRY574ProAPI(20190723)\CRY574ProMFCDemo\CRY574ProMFCDemo.vcxproj”在节点 4 上(build 个目标)。
     1>InitializeBuildStatus:
         正在创建“Release\CRY574ProMFCDemo.unsuccessfulbuild”，因为已指定“AlwaysCreate”。
       ClCompile:
         D:\Developent\Microsoft Visual Studio 10.0\VC\bin\CL.exe /c /I"C:\Program Files (x86)\Visual Leak Detector\include" /Zi /nologo /W3 /WX- /O2 /Oi /Oy- /GL /D WIN32 /D _WINDOWS /D NDEBUG /D _UNICODE /D UNICODE /D _AFXDLL /Gm- /EHsc /MD /GS /Gy /fp:precise /Zc:wchar_t /Zc:forScope /Yc"StdAfx.h" /Fp"Release\CRY574ProMFCDemo.pch" /Fo"Release\\" /Fd"Release\vc100.pdb" /Gd /TP /analyze- /errorReport:prompt stdafx.cpp
         stdafx.cpp
         D:\Developent\Microsoft Visual Studio 10.0\VC\bin\CL.exe /c /I"C:\Program Files (x86)\Visual Leak Detector\include" /Zi /nologo /W3 /WX- /O2 /Oi /Oy- /GL /D WIN32 /D _WINDOWS /D NDEBUG /D _UNICODE /D UNICODE /D _AFXDLL /Gm- /EHsc /MD /GS /Gy /fp:precise /Zc:wchar_t /Zc:forScope /Yu"StdAfx.h" /Fp"Release\CRY574ProMFCDemo.pch" /Fo"Release\\" /Fd"Release\vc100.pdb" /Gd /TP /analyze- /errorReport:prompt CRY574ProMFCDemo.cpp CRY574ProMFCDemoDlg.cpp
         CRY574ProMFCDemo.cpp
         CRY574ProMFCDemoDlg.cpp
     1>CRY574ProMFCDemoDlg.cpp(324): warning C4244: “=”: 从“wchar_t”转换到“char”，可能丢失数据
     1>CRY574ProMFCDemoDlg.cpp(539): warning C4244: “=”: 从“wchar_t”转换到“char”，可能丢失数据
     1>CRY574ProMFCDemoDlg.cpp(606): warning C4244: “=”: 从“wchar_t”转换到“char”，可能丢失数据
       ResourceCompile:
         c:\Program Files (x86)\Microsoft SDKs\Windows\v7.0A\bin\rc.exe /D NDEBUG /D _UNICODE /D UNICODE /D _AFXDLL /l"0x0804" /IRelease\ /nologo /fo"Release\CRY574ProMFCDemo.res" CRY574ProMFCDemo.rc 
       Link:
         D:\Developent\Microsoft Visual Studio 10.0\VC\bin\link.exe /ERRORREPORT:PROMPT /OUT:"D:\公司项目\CRY-Dongle\CRY574ProAPI\源码工程\CRY574ProAPI(20190723)\Release\CRY574ProMFCDemo.exe" /INCREMENTAL:NO /NOLOGO /LIBPATH:..\release CRY574ProAPI.lib /MANIFEST /ManifestFile:"Release\CRY574ProMFCDemo.exe.intermediate.manifest" /MANIFESTUAC:"level='asInvoker' uiAccess='false'" /DEBUG /PDB:"D:\公司项目\CRY-Dongle\CRY574ProAPI\源码工程\CRY574ProAPI(20190723)\Release\CRY574ProMFCDemo.pdb" /SUBSYSTEM:WINDOWS /OPT:REF /OPT:ICF /LTCG /TLBID:1 /ENTRY:"wWinMainCRTStartup" /DYNAMICBASE /NXCOMPAT /IMPLIB:"D:\公司项目\CRY-Dongle\CRY574ProAPI\源码工程\CRY574ProAPI(20190723)\Release\CRY574ProMFCDemo.lib" /MACHINE:X86 Release\CRY574ProMFCDemo.res
         Release\CRY574ProMFCDemo.obj
         Release\CRY574ProMFCDemoDlg.obj
         Release\stdafx.obj
         正在生成代码
         已完成代码的生成
         CRY574ProMFCDemo.vcxproj -> D:\公司项目\CRY-Dongle\CRY574ProAPI\源码工程\CRY574ProAPI(20190723)\Release\CRY574ProMFCDemo.exe
       Manifest:
         c:\Program Files (x86)\Microsoft SDKs\Windows\v7.0A\bin\mt.exe /nologo /verbose /outputresource:"D:\公司项目\CRY-Dongle\CRY574ProAPI\源码工程\CRY574ProAPI(20190723)\Release\CRY574ProMFCDemo.exe;#1" /manifest Release\CRY574ProMFCDemo.exe.intermediate.manifest "D:\Developent\Microsoft Visual Studio 10.0\VC\Include\Manifest\dpiaware.manifest"
       FinalizeBuildStatus:
         正在删除文件“Release\CRY574ProMFCDemo.unsuccessfulbuild”。
         正在对“Release\CRY574ProMFCDemo.lastbuildstate”执行 Touch 任务。
     1>已完成生成项目“D:\公司项目\CRY-Dongle\CRY574ProAPI\源码工程\CRY574ProAPI(20190723)\CRY574ProMFCDemo\CRY574ProMFCDemo.vcxproj”(build 个目标)的操作。

生成成功。

已用时间 00:00:04.10
