D:\公司项目\CRY-Dongle\CRY574ProAPI\源码工程\CRY574ProAPI(20190718)\CRY574ProMFCDemo\Release\cl.command.1.tlog
D:\公司项目\CRY-Dongle\CRY574ProAPI\源码工程\CRY574ProAPI(20190718)\CRY574ProMFCDemo\Release\CL.read.1.tlog
D:\公司项目\CRY-Dongle\CRY574ProAPI\源码工程\CRY574ProAPI(20190718)\CRY574ProMFCDemo\Release\CL.write.1.tlog
D:\公司项目\CRY-DONGLE\CRY574PROAPI\源码工程\CRY574PROAPI(20190718)\CRY574PROMFCDEMO\RELEASE\CRY574PROMFCDEMO.EXE.INTERMEDIATE.MANIFEST
D:\公司项目\CRY-DONGLE\CRY574PROAPI\源码工程\CRY574PROAPI(20190718)\CRY574PROMFCDEMO\RELEASE\CRY574PROMFCDEMO.OBJ
D:\公司项目\CRY-DONGLE\CRY574PROAPI\源码工程\CRY574PROAPI(20190718)\CRY574PROMFCDEMO\RELEASE\CRY574PROMFCDEMO.PCH
D:\公司项目\CRY-DONGLE\CRY574PROAPI\源码工程\CRY574PROAPI(20190718)\CRY574PROMFCDEMO\RELEASE\CRY574PROMFCDEMO.RES
D:\公司项目\CRY-Dongle\CRY574ProAPI\源码工程\CRY574ProAPI(20190718)\CRY574ProMFCDemo\Release\CRY574ProMFCDemo.write.1.tlog
D:\公司项目\CRY-DONGLE\CRY574PROAPI\源码工程\CRY574PROAPI(20190718)\CRY574PROMFCDEMO\RELEASE\CRY574PROMFCDEMODLG.OBJ
D:\公司项目\CRY-Dongle\CRY574ProAPI\源码工程\CRY574ProAPI(20190718)\CRY574ProMFCDemo\Release\link.command.1.tlog
D:\公司项目\CRY-Dongle\CRY574ProAPI\源码工程\CRY574ProAPI(20190718)\CRY574ProMFCDemo\Release\link.read.1.tlog
D:\公司项目\CRY-Dongle\CRY574ProAPI\源码工程\CRY574ProAPI(20190718)\CRY574ProMFCDemo\Release\link.write.1.tlog
D:\公司项目\CRY-Dongle\CRY574ProAPI\源码工程\CRY574ProAPI(20190718)\CRY574ProMFCDemo\Release\link-cvtres.read.1.tlog
D:\公司项目\CRY-Dongle\CRY574ProAPI\源码工程\CRY574ProAPI(20190718)\CRY574ProMFCDemo\Release\link-cvtres.write.1.tlog
D:\公司项目\CRY-Dongle\CRY574ProAPI\源码工程\CRY574ProAPI(20190718)\CRY574ProMFCDemo\Release\mt.command.1.tlog
D:\公司项目\CRY-Dongle\CRY574ProAPI\源码工程\CRY574ProAPI(20190718)\CRY574ProMFCDemo\Release\mt.read.1.tlog
D:\公司项目\CRY-Dongle\CRY574ProAPI\源码工程\CRY574ProAPI(20190718)\CRY574ProMFCDemo\Release\mt.write.1.tlog
D:\公司项目\CRY-Dongle\CRY574ProAPI\源码工程\CRY574ProAPI(20190718)\CRY574ProMFCDemo\Release\rc.command.1.tlog
D:\公司项目\CRY-Dongle\CRY574ProAPI\源码工程\CRY574ProAPI(20190718)\CRY574ProMFCDemo\Release\rc.read.1.tlog
D:\公司项目\CRY-Dongle\CRY574ProAPI\源码工程\CRY574ProAPI(20190718)\CRY574ProMFCDemo\Release\rc.write.1.tlog
D:\公司项目\CRY-DONGLE\CRY574PROAPI\源码工程\CRY574PROAPI(20190718)\CRY574PROMFCDEMO\RELEASE\STDAFX.OBJ
D:\公司项目\CRY-DONGLE\CRY574PROAPI\源码工程\CRY574PROAPI(20190718)\CRY574PROMFCDEMO\RELEASE\VC100.PDB
D:\公司项目\CRY-DONGLE\CRY574PROAPI\源码工程\CRY574PROAPI(20190718)\RELEASE\CRY574PROMFCDEMO.EXE
D:\公司项目\CRY-DONGLE\CRY574PROAPI\源码工程\CRY574PROAPI(20190718)\RELEASE\CRY574PROMFCDEMO.PDB
